 WARN [2011-07-09 15:18:52,180] (IntroEditorInput.java:loadDocument:130) - org.xml.sax.SAXParseException: The entity name must immediately follow the '&' in the entity reference.
 WARN [2011-07-09 15:19:55,347] (ConnectionFactory.java:clearCache:212) - Clearing the following cached connections
 WARN [2011-07-09 15:19:55,349] (DescribeObjectRegistry.java:clearCache:657) - Clearing cached describes
 WARN [2011-07-09 15:19:55,356] (MetadataFactory.java:clearCache:131) - No cached metadata stubs
 WARN [2011-07-09 15:22:15,459] (ProxyManager.java:init:49) - No proxy bundle found - default proxy service will be initialized
 WARN [2011-07-09 15:38:50,570] (ConnectionFactory.java:clearCache:212) - Clearing the following cached connections
 WARN [2011-07-09 15:38:50,586] (DescribeObjectRegistry.java:clearCache:657) - Clearing cached describes
 WARN [2011-07-09 15:38:50,587] (MetadataFactory.java:clearCache:131) - No cached metadata stubs
 WARN [2011-07-09 15:39:15,704] (ProxyManager.java:init:49) - No proxy bundle found - default proxy service will be initialized
 WARN [2011-07-09 15:43:23,924] (ConnectionFactory.java:clearCache:212) - Clearing the following cached connections
 WARN [2011-07-09 15:43:23,943] (DescribeObjectRegistry.java:clearCache:657) - Clearing cached describes
 WARN [2011-07-09 15:43:23,944] (MetadataFactory.java:clearCache:131) - No cached metadata stubs
 WARN [2011-07-09 15:44:18,885] (ProxyManager.java:init:49) - No proxy bundle found - default proxy service will be initialized
 WARN [2011-07-09 20:31:30,958] (ConnectionFactory.java:clearCache:212) - Clearing the following cached connections
 WARN [2011-07-09 20:31:30,960] (DescribeObjectRegistry.java:clearCache:657) - Clearing cached describes
 WARN [2011-07-09 20:31:30,961] (MetadataFactory.java:clearCache:131) - No cached metadata stubs
ERROR [2011-07-12 05:20:22,563] (ComponentController.java:isComponentEnabled:110) - Unable to check Apex Class permissions - project is null
 WARN [2011-07-13 05:29:33,778] (ConnectionFactory.java:clearCache:209) - No cached connections
 WARN [2011-07-13 05:29:33,963] (DescribeObjectRegistry.java:clearCache:654) - No cached describes
 WARN [2011-07-13 05:29:33,975] (MetadataFactory.java:clearCache:131) - No cached metadata stubs
 WARN [2011-07-13 05:36:12,411] (ProxyManager.java:init:49) - No proxy bundle found - default proxy service will be initialized
 WARN [2011-07-13 05:37:02,717] (ConnectionFactory.java:clearCache:209) - No cached connections
 WARN [2011-07-13 05:37:02,765] (DescribeObjectRegistry.java:clearCache:654) - No cached describes
 WARN [2011-07-13 05:37:02,779] (MetadataFactory.java:clearCache:131) - No cached metadata stubs
 WARN [2011-07-15 11:30:48,655] (ProxyManager.java:init:49) - No proxy bundle found - default proxy service will be initialized
 WARN [2011-07-15 14:45:38,194] (ConnectionFactory.java:clearCache:209) - No cached connections
 WARN [2011-07-15 14:45:38,226] (DescribeObjectRegistry.java:clearCache:654) - No cached describes
 WARN [2011-07-15 14:45:38,227] (MetadataFactory.java:clearCache:131) - No cached metadata stubs
 WARN [2011-07-16 22:03:24,873] (ConnectionFactory.java:clearCache:209) - No cached connections
 WARN [2011-07-16 22:03:24,884] (DescribeObjectRegistry.java:clearCache:654) - No cached describes
 WARN [2011-07-16 22:03:24,884] (MetadataFactory.java:clearCache:131) - No cached metadata stubs
 WARN [2011-07-18 11:31:15,288] (ConnectionFactory.java:clearCache:209) - No cached connections
 WARN [2011-07-18 11:31:15,785] (DescribeObjectRegistry.java:clearCache:654) - No cached describes
 WARN [2011-07-18 11:31:15,786] (MetadataFactory.java:clearCache:131) - No cached metadata stubs
 WARN [2011-07-18 14:41:33,930] (ProxyManager.java:init:49) - No proxy bundle found - default proxy service will be initialized
 WARN [2011-07-18 14:44:33,342] (ConnectionFactory.java:clearCache:209) - No cached connections
 WARN [2011-07-18 14:44:33,343] (DescribeObjectRegistry.java:clearCache:654) - No cached describes
 WARN [2011-07-18 14:44:33,343] (MetadataFactory.java:clearCache:131) - No cached metadata stubs
 WARN [2011-07-23 19:02:48,841] (ProxyManager.java:init:49) - No proxy bundle found - default proxy service will be initialized
 WARN [2011-07-23 21:20:21,960] (ProjectAddEvaluator.java:visit:75) - Unable to add skip builder flag to added project 'P/RemoteSystemsTempFiles': Resource '/RemoteSystemsTempFiles' is not open. Cause:
 (1) Resource '/RemoteSystemsTempFiles' is not open.
 WARN [2011-07-23 21:20:22,050] (ProjectAddEvaluator.java:visit:90) - Unable to add skip builder flag to added project 'P/RemoteSystemsTempFiles': Resource '/RemoteSystemsTempFiles' is not open. Cause:
 (1) Resource '/RemoteSystemsTempFiles' is not open.
 WARN [2011-07-25 05:09:41,109] (ConnectionFactory.java:clearCache:209) - No cached connections
 WARN [2011-07-25 05:09:41,144] (DescribeObjectRegistry.java:clearCache:654) - No cached describes
 WARN [2011-07-25 05:09:41,145] (MetadataFactory.java:clearCache:131) - No cached metadata stubs
 WARN [2011-07-25 07:26:52,920] (ProxyManager.java:init:49) - No proxy bundle found - default proxy service will be initialized
 WARN [2011-07-25 08:18:29,653] (ConnectionFactory.java:clearCache:209) - No cached connections
 WARN [2011-07-25 08:18:29,654] (DescribeObjectRegistry.java:clearCache:654) - No cached describes
 WARN [2011-07-25 08:18:29,655] (MetadataFactory.java:clearCache:131) - No cached metadata stubs
 WARN [2011-07-25 09:02:16,196] (ProxyManager.java:init:49) - No proxy bundle found - default proxy service will be initialized
 WARN [2011-07-25 09:41:52,731] (ConnectionFactory.java:clearCache:209) - No cached connections
 WARN [2011-07-25 09:41:52,732] (DescribeObjectRegistry.java:clearCache:654) - No cached describes
 WARN [2011-07-25 09:41:52,733] (MetadataFactory.java:clearCache:131) - No cached metadata stubs
 WARN [2011-07-26 08:13:22,335] (ProxyManager.java:init:49) - No proxy bundle found - default proxy service will be initialized
 WARN [2011-07-26 08:15:26,500] (ConnectionFactory.java:clearCache:209) - No cached connections
 WARN [2011-07-26 08:15:26,501] (DescribeObjectRegistry.java:clearCache:654) - No cached describes
 WARN [2011-07-26 08:15:26,502] (MetadataFactory.java:clearCache:131) - No cached metadata stubs
 WARN [2011-08-01 06:23:12,943] (ProxyManager.java:init:49) - No proxy bundle found - default proxy service will be initialized
 WARN [2011-08-01 06:44:46,628] (ConnectionFactory.java:clearCache:209) - No cached connections
 WARN [2011-08-01 06:44:46,642] (DescribeObjectRegistry.java:clearCache:654) - No cached describes
 WARN [2011-08-01 06:44:46,643] (MetadataFactory.java:clearCache:131) - No cached metadata stubs
 WARN [2011-08-01 06:45:53,297] (ProxyManager.java:init:49) - No proxy bundle found - default proxy service will be initialized
 WARN [2011-08-01 09:06:30,838] (ConnectionFactory.java:clearCache:209) - No cached connections
 WARN [2011-08-01 09:06:30,849] (DescribeObjectRegistry.java:clearCache:654) - No cached describes
 WARN [2011-08-01 09:06:30,850] (MetadataFactory.java:clearCache:131) - No cached metadata stubs
 WARN [2011-08-01 12:34:57,729] (ProxyManager.java:init:49) - No proxy bundle found - default proxy service will be initialized
 WARN [2011-08-01 12:40:06,052] (ConnectionFactory.java:clearCache:209) - No cached connections
 WARN [2011-08-01 12:40:06,103] (DescribeObjectRegistry.java:clearCache:654) - No cached describes
 WARN [2011-08-01 12:40:06,104] (MetadataFactory.java:clearCache:131) - No cached metadata stubs
 WARN [2011-08-03 03:35:55,134] (ProxyManager.java:init:49) - No proxy bundle found - default proxy service will be initialized
 WARN [2011-08-03 06:05:47,589] (BaseBuilder.java:checkSkipBuilder:76) - Skipping build - user credentials not found
 WARN [2011-08-03 06:05:51,981] (BaseBuilder.java:checkSkipBuilder:76) - Skipping build - user credentials not found
 WARN [2011-08-03 06:06:04,961] (IntroEditorInput.java:loadDocument:130) - org.xml.sax.SAXParseException: The entity name must immediately follow the '&' in the entity reference.
 WARN [2011-08-03 06:07:06,379] (IntroEditorInput.java:loadDocument:130) - java.net.SocketException: Unexpected end of file from server
 WARN [2011-08-03 06:07:56,450] (BaseRetryAspect.java:isLoginExceptionRetryable:94) - Login evaluation deemed exception not retry-able:
 LoginFault: Invalid username, password, security token; or user locked out.
 WARN [2011-08-03 06:07:56,450] (BaseRetryAspect.java:isLoginExceptionRetryable:94) - Login evaluation deemed exception not retry-able:
 LoginFault: Invalid username, password, security token; or user locked out.
 WARN [2011-08-03 06:07:56,451] (BaseRetryAspect.java:isConnectionExceptionRetryable:130) - Connection evaluation deemed exception not retry-able:
 LoginFault: Invalid username, password, security token; or user locked out.
 WARN [2011-08-03 06:07:56,452] (BaseRetryAspect.java:isConnectionExceptionRetryable:130) - Connection evaluation deemed exception not retry-able:
 LoginFault: Invalid username, password, security token; or user locked out.
 WARN [2011-08-03 06:07:56,452] (BaseMultiPageEditorPart.java:run:108) - Unable to get describe object for project 'DF11 Preso':Invalid username, password, security token; or user locked out.
 WARN [2011-08-03 06:07:56,477] (ApexCodeScanner.java:generateKeywordRule:139) - Unable to get describe object for type project 'DF11 Preso'
[LoginFault [ApiFault  exceptionCode='INVALID_LOGIN'
 exceptionMessage='Invalid username, password, security token; or user locked out.'
 upgradeURL='null'
 upgradeMessage='null'
]
]

	at sun.reflect.NativeConstructorAccessorImpl.newInstance0(Native Method)
	at sun.reflect.NativeConstructorAccessorImpl.newInstance(NativeConstructorAccessorImpl.java:39)
	at sun.reflect.DelegatingConstructorAccessorImpl.newInstance(DelegatingConstructorAccessorImpl.java:27)
	at java.lang.reflect.Constructor.newInstance(Constructor.java:513)
	at java.lang.Class.newInstance0(Class.java:355)
	at java.lang.Class.newInstance(Class.java:308)
	at com.sforce.ws.bind.TypeMapper.readSingle(TypeMapper.java:627)
	at com.sforce.ws.bind.TypeMapper.readObject(TypeMapper.java:504)
	at com.sforce.ws.transport.SoapConnection.parseDetail(SoapConnection.java:226)
	at com.sforce.ws.transport.SoapConnection.createException(SoapConnection.java:200)
	at com.sforce.ws.transport.SoapConnection.receive(SoapConnection.java:146)
	at com.sforce.ws.transport.SoapConnection.send(SoapConnection.java:98)
	at com.sforce.soap.partner.wsc.PartnerConnection.login(PartnerConnection.java:1628)
	at com.salesforce.ide.core.remote.Connection.login(Connection.java:211)
	at com.salesforce.ide.core.remote.Connection$$FastClassByCGLIB$$8e61a81d.invoke(<generated>)
	at net.sf.cglib.proxy.MethodProxy.invoke(MethodProxy.java:149)
	at org.springframework.aop.framework.Cglib2AopProxy$CglibMethodInvocation.invokeJoinpoint(Cglib2AopProxy.java:700)
	at org.springframework.aop.framework.ReflectiveMethodInvocation.proceed(ReflectiveMethodInvocation.java:149)
	at org.springframework.aop.aspectj.MethodInvocationProceedingJoinPoint.proceed(MethodInvocationProceedingJoinPoint.java:77)
	at com.salesforce.ide.core.internal.aspects.LoginRetryAspect.loginRetry(LoginRetryAspect.java:24)
	at sun.reflect.NativeMethodAccessorImpl.invoke0(Native Method)
	at sun.reflect.NativeMethodAccessorImpl.invoke(NativeMethodAccessorImpl.java:39)
	at sun.reflect.DelegatingMethodAccessorImpl.invoke(DelegatingMethodAccessorImpl.java:25)
	at java.lang.reflect.Method.invoke(Method.java:597)
	at org.springframework.aop.aspectj.AbstractAspectJAdvice.invokeAdviceMethodWithGivenArgs(AbstractAspectJAdvice.java:627)
	at org.springframework.aop.aspectj.AbstractAspectJAdvice.invokeAdviceMethod(AbstractAspectJAdvice.java:616)
	at org.springframework.aop.aspectj.AspectJAroundAdvice.invoke(AspectJAroundAdvice.java:64)
	at org.springframework.aop.framework.ReflectiveMethodInvocation.proceed(ReflectiveMethodInvocation.java:171)
	at org.springframework.aop.framework.adapter.MethodBeforeAdviceInterceptor.invoke(MethodBeforeAdviceInterceptor.java:50)
	at org.springframework.aop.framework.ReflectiveMethodInvocation.proceed(ReflectiveMethodInvocation.java:171)
	at org.springframework.aop.interceptor.ExposeInvocationInterceptor.invoke(ExposeInvocationInterceptor.java:90)
	at org.springframework.aop.framework.ReflectiveMethodInvocation.proceed(ReflectiveMethodInvocation.java:171)
	at org.springframework.aop.framework.Cglib2AopProxy$DynamicAdvisedInterceptor.intercept(Cglib2AopProxy.java:635)
	at com.salesforce.ide.core.remote.Connection$$EnhancerByCGLIB$$6dcae183.login(<generated>)
	at com.salesforce.ide.core.factories.ConnectionFactory.getNewConnection(ConnectionFactory.java:73)
	at com.salesforce.ide.core.factories.ConnectionFactory.storeConnection(ConnectionFactory.java:159)
	at com.salesforce.ide.core.factories.ConnectionFactory.getConnection(ConnectionFactory.java:126)
	at com.salesforce.ide.core.factories.ConnectionFactory.getConnection(ConnectionFactory.java:149)
	at com.salesforce.ide.core.remote.registries.DescribeObjectRegistry.getCachedDescribeSObjects(DescribeObjectRegistry.java:500)
	at com.salesforce.ide.ui.editors.apex.assistance.ApexCodeScanner.generateKeywordRule(ApexCodeScanner.java:127)
	at com.salesforce.ide.ui.editors.apex.assistance.ApexCodeScanner.init(ApexCodeScanner.java:99)
	at com.salesforce.ide.ui.editors.apex.ApexSourceViewerConfiguration.init(ApexSourceViewerConfiguration.java:101)
	at com.salesforce.ide.ui.editors.apex.ApexCodeEditor.initializeEditor(ApexCodeEditor.java:315)
	at com.salesforce.ide.ui.editors.apex.ApexCodeEditor.<init>(ApexCodeEditor.java:83)
	at com.salesforce.ide.ui.editors.apex.AstEditor.<init>(AstEditor.java:12)
	at com.salesforce.ide.ui.editors.apex.ApexCodeMultiPageEditor.createSourcePage(ApexCodeMultiPageEditor.java:105)
	at com.salesforce.ide.ui.editors.apex.ApexCodeMultiPageEditor.preparePages(ApexCodeMultiPageEditor.java:72)
	at com.salesforce.ide.ui.editors.apex.ApexCodeMultiPageEditor.createPages(ApexCodeMultiPageEditor.java:64)
	at org.eclipse.ui.part.MultiPageEditorPart.createPartControl(MultiPageEditorPart.java:348)
	at org.eclipse.ui.internal.EditorReference.createPartHelper(EditorReference.java:670)
	at org.eclipse.ui.internal.EditorReference.createPart(EditorReference.java:465)
	at org.eclipse.ui.internal.WorkbenchPartReference.getPart(WorkbenchPartReference.java:595)
	at org.eclipse.ui.internal.EditorReference.getEditor(EditorReference.java:289)
	at org.eclipse.ui.internal.WorkbenchPage.busyOpenEditorBatched(WorkbenchPage.java:2863)
	at org.eclipse.ui.internal.WorkbenchPage.busyOpenEditor(WorkbenchPage.java:2768)
	at org.eclipse.ui.internal.WorkbenchPage.access$11(WorkbenchPage.java:2760)
	at org.eclipse.ui.internal.WorkbenchPage$10.run(WorkbenchPage.java:2711)
	at org.eclipse.swt.custom.BusyIndicator.showWhile(BusyIndicator.java:70)
	at org.eclipse.ui.internal.WorkbenchPage.openEditor(WorkbenchPage.java:2707)
	at org.eclipse.ui.internal.WorkbenchPage.openEditor(WorkbenchPage.java:2691)
	at org.eclipse.ui.internal.WorkbenchPage.openEditor(WorkbenchPage.java:2682)
	at org.eclipse.ui.ide.IDE.openEditor(IDE.java:651)
	at org.eclipse.ui.ide.IDE.openEditor(IDE.java:610)
	at org.eclipse.jdt.internal.ui.javaeditor.EditorUtility.openInEditor(EditorUtility.java:365)
	at org.eclipse.jdt.internal.ui.javaeditor.EditorUtility.openInEditor(EditorUtility.java:168)
	at org.eclipse.jdt.ui.actions.OpenAction.run(OpenAction.java:229)
	at org.eclipse.jdt.ui.actions.OpenAction.run(OpenAction.java:208)
	at org.eclipse.jdt.ui.actions.SelectionDispatchAction.dispatchRun(SelectionDispatchAction.java:274)
	at org.eclipse.jdt.ui.actions.SelectionDispatchAction.run(SelectionDispatchAction.java:250)
	at org.eclipse.jdt.internal.ui.packageview.PackageExplorerActionGroup.handleOpen(PackageExplorerActionGroup.java:373)
	at org.eclipse.jdt.internal.ui.packageview.PackageExplorerPart$4.open(PackageExplorerPart.java:526)
	at org.eclipse.ui.OpenAndLinkWithEditorHelper$InternalListener.open(OpenAndLinkWithEditorHelper.java:48)
	at org.eclipse.jface.viewers.StructuredViewer$2.run(StructuredViewer.java:845)
	at org.eclipse.core.runtime.SafeRunner.run(SafeRunner.java:42)
	at org.eclipse.ui.internal.JFaceUtil$1.run(JFaceUtil.java:49)
	at org.eclipse.jface.util.SafeRunnable.run(SafeRunnable.java:175)
	at org.eclipse.jface.viewers.StructuredViewer.fireOpen(StructuredViewer.java:843)
	at org.eclipse.jface.viewers.StructuredViewer.handleOpen(StructuredViewer.java:1131)
	at org.eclipse.jface.viewers.StructuredViewer$6.handleOpen(StructuredViewer.java:1235)
	at org.eclipse.jface.util.OpenStrategy.fireOpenEvent(OpenStrategy.java:264)
	at org.eclipse.jface.util.OpenStrategy.access$2(OpenStrategy.java:258)
	at org.eclipse.jface.util.OpenStrategy$1.handleEvent(OpenStrategy.java:298)
	at org.eclipse.swt.widgets.EventTable.sendEvent(EventTable.java:84)
	at org.eclipse.swt.widgets.Display.sendEvent(Display.java:3783)
	at org.eclipse.swt.widgets.Widget.sendEvent(Widget.java:1375)
	at org.eclipse.swt.widgets.Widget.sendEvent(Widget.java:1398)
	at org.eclipse.swt.widgets.Widget.sendEvent(Widget.java:1383)
	at org.eclipse.swt.widgets.Widget.notifyListeners(Widget.java:1195)
	at org.eclipse.swt.widgets.Display.runDeferredEvents(Display.java:3629)
	at org.eclipse.swt.widgets.Display.readAndDispatch(Display.java:3284)
	at org.eclipse.ui.internal.Workbench.runEventLoop(Workbench.java:2640)
	at org.eclipse.ui.internal.Workbench.runUI(Workbench.java:2604)
	at org.eclipse.ui.internal.Workbench.access$4(Workbench.java:2438)
	at org.eclipse.ui.internal.Workbench$7.run(Workbench.java:671)
	at org.eclipse.core.databinding.observable.Realm.runWithDefault(Realm.java:332)
	at org.eclipse.ui.internal.Workbench.createAndRunWorkbench(Workbench.java:664)
	at org.eclipse.ui.PlatformUI.createAndRunWorkbench(PlatformUI.java:149)
	at org.eclipse.ui.internal.ide.application.IDEApplication.start(IDEApplication.java:115)
	at org.eclipse.equinox.internal.app.EclipseAppHandle.run(EclipseAppHandle.java:196)
	at org.eclipse.core.runtime.internal.adaptor.EclipseAppLauncher.runApplication(EclipseAppLauncher.java:110)
	at org.eclipse.core.runtime.internal.adaptor.EclipseAppLauncher.start(EclipseAppLauncher.java:79)
	at org.eclipse.core.runtime.adaptor.EclipseStarter.run(EclipseStarter.java:369)
	at org.eclipse.core.runtime.adaptor.EclipseStarter.run(EclipseStarter.java:179)
	at sun.reflect.NativeMethodAccessorImpl.invoke0(Native Method)
	at sun.reflect.NativeMethodAccessorImpl.invoke(NativeMethodAccessorImpl.java:39)
	at sun.reflect.DelegatingMethodAccessorImpl.invoke(DelegatingMethodAccessorImpl.java:25)
	at java.lang.reflect.Method.invoke(Method.java:597)
	at org.eclipse.equinox.launcher.Main.invokeFramework(Main.java:620)
	at org.eclipse.equinox.launcher.Main.basicRun(Main.java:575)
	at org.eclipse.equinox.launcher.Main.run(Main.java:1408)
 WARN [2011-08-03 09:10:45,522] (ConnectionFactory.java:clearCache:212) - Clearing the following cached connections
 WARN [2011-08-03 09:10:45,554] (DescribeObjectRegistry.java:clearCache:657) - Clearing cached describes
 WARN [2011-08-03 09:10:45,554] (MetadataFactory.java:clearCache:134) - Clearing the following cached metadata stubs
 WARN [2011-08-03 10:56:09,100] (ProxyManager.java:init:49) - No proxy bundle found - default proxy service will be initialized
 WARN [2011-08-04 02:10:19,791] (ConnectionFactory.java:clearCache:212) - Clearing the following cached connections
 WARN [2011-08-04 02:10:19,803] (DescribeObjectRegistry.java:clearCache:657) - Clearing cached describes
 WARN [2011-08-04 02:10:19,804] (MetadataFactory.java:clearCache:131) - No cached metadata stubs
 WARN [2011-08-11 09:47:09,051] (ProxyManager.java:init:49) - No proxy bundle found - default proxy service will be initialized
 WARN [2011-08-11 09:47:26,248] (ConnectionFactory.java:clearCache:212) - Clearing the following cached connections
 WARN [2011-08-11 09:47:26,250] (DescribeObjectRegistry.java:clearCache:657) - Clearing cached describes
 WARN [2011-08-11 09:47:26,250] (MetadataFactory.java:clearCache:131) - No cached metadata stubs
 WARN [2011-08-18 20:30:52,758] (ProxyManager.java:init:49) - No proxy bundle found - default proxy service will be initialized
 WARN [2011-08-18 20:32:10,193] (BaseRetryAspect.java:isLoginExceptionRetryable:94) - Login evaluation deemed exception not retry-able:
 ConnectException: Operation timed out
 WARN [2011-08-18 20:32:10,195] (BaseRetryAspect.java:isConnectionExceptionRetryable:130) - Connection evaluation deemed exception not retry-able:
 ConnectException: Operation timed out
 WARN [2011-08-18 20:32:10,197] (ApexCodeScanner.java:generateKeywordRule:139) - Unable to get describe object for type project 'DF11 Preso'
java.net.ConnectException: Operation timed out
	at java.net.PlainSocketImpl.socketConnect(Native Method)
	at java.net.PlainSocketImpl.doConnect(PlainSocketImpl.java:351)
	at java.net.PlainSocketImpl.connectToAddress(PlainSocketImpl.java:213)
	at java.net.PlainSocketImpl.connect(PlainSocketImpl.java:200)
	at java.net.SocksSocketImpl.connect(SocksSocketImpl.java:432)
	at java.net.Socket.connect(Socket.java:529)
	at com.sun.net.ssl.internal.ssl.SSLSocketImpl.connect(SSLSocketImpl.java:559)
	at sun.net.NetworkClient.doConnect(NetworkClient.java:158)
	at sun.net.www.http.HttpClient.openServer(HttpClient.java:394)
	at sun.net.www.http.HttpClient.openServer(HttpClient.java:529)
	at sun.net.www.protocol.https.HttpsClient.<init>(HttpsClient.java:272)
	at sun.net.www.protocol.https.HttpsClient.New(HttpsClient.java:329)
	at sun.net.www.protocol.https.AbstractDelegateHttpsURLConnection.getNewHttpClient(AbstractDelegateHttpsURLConnection.java:172)
	at sun.net.www.protocol.http.HttpURLConnection.plainConnect(HttpURLConnection.java:949)
	at sun.net.www.protocol.https.AbstractDelegateHttpsURLConnection.connect(AbstractDelegateHttpsURLConnection.java:158)
	at sun.net.www.protocol.http.HttpURLConnection.getOutputStream(HttpURLConnection.java:1014)
	at sun.net.www.protocol.https.HttpsURLConnectionImpl.getOutputStream(HttpsURLConnectionImpl.java:230)
	at com.sforce.ws.transport.JdkHttpTransport.connectRaw(JdkHttpTransport.java:133)
	at com.sforce.ws.transport.JdkHttpTransport.connectLocal(JdkHttpTransport.java:97)
	at com.sforce.ws.transport.JdkHttpTransport.connectLocal(JdkHttpTransport.java:92)
	at com.sforce.ws.transport.JdkHttpTransport.connect(JdkHttpTransport.java:88)
	at com.sforce.ws.transport.SoapConnection.send(SoapConnection.java:94)
	at com.sforce.soap.partner.wsc.PartnerConnection.login(PartnerConnection.java:1628)
	at com.salesforce.ide.core.remote.Connection.login(Connection.java:211)
	at com.salesforce.ide.core.remote.Connection$$FastClassByCGLIB$$8e61a81d.invoke(<generated>)
	at net.sf.cglib.proxy.MethodProxy.invoke(MethodProxy.java:149)
	at org.springframework.aop.framework.Cglib2AopProxy$CglibMethodInvocation.invokeJoinpoint(Cglib2AopProxy.java:700)
	at org.springframework.aop.framework.ReflectiveMethodInvocation.proceed(ReflectiveMethodInvocation.java:149)
	at org.springframework.aop.aspectj.MethodInvocationProceedingJoinPoint.proceed(MethodInvocationProceedingJoinPoint.java:77)
	at com.salesforce.ide.core.internal.aspects.LoginRetryAspect.loginRetry(LoginRetryAspect.java:24)
	at sun.reflect.NativeMethodAccessorImpl.invoke0(Native Method)
	at sun.reflect.NativeMethodAccessorImpl.invoke(NativeMethodAccessorImpl.java:39)
	at sun.reflect.DelegatingMethodAccessorImpl.invoke(DelegatingMethodAccessorImpl.java:25)
	at java.lang.reflect.Method.invoke(Method.java:597)
	at org.springframework.aop.aspectj.AbstractAspectJAdvice.invokeAdviceMethodWithGivenArgs(AbstractAspectJAdvice.java:627)
	at org.springframework.aop.aspectj.AbstractAspectJAdvice.invokeAdviceMethod(AbstractAspectJAdvice.java:616)
	at org.springframework.aop.aspectj.AspectJAroundAdvice.invoke(AspectJAroundAdvice.java:64)
	at org.springframework.aop.framework.ReflectiveMethodInvocation.proceed(ReflectiveMethodInvocation.java:171)
	at org.springframework.aop.framework.adapter.MethodBeforeAdviceInterceptor.invoke(MethodBeforeAdviceInterceptor.java:50)
	at org.springframework.aop.framework.ReflectiveMethodInvocation.proceed(ReflectiveMethodInvocation.java:171)
	at org.springframework.aop.interceptor.ExposeInvocationInterceptor.invoke(ExposeInvocationInterceptor.java:90)
	at org.springframework.aop.framework.ReflectiveMethodInvocation.proceed(ReflectiveMethodInvocation.java:171)
	at org.springframework.aop.framework.Cglib2AopProxy$DynamicAdvisedInterceptor.intercept(Cglib2AopProxy.java:635)
	at com.salesforce.ide.core.remote.Connection$$EnhancerByCGLIB$$f91433b1.login(<generated>)
	at com.salesforce.ide.core.factories.ConnectionFactory.getNewConnection(ConnectionFactory.java:73)
	at com.salesforce.ide.core.factories.ConnectionFactory.storeConnection(ConnectionFactory.java:159)
	at com.salesforce.ide.core.factories.ConnectionFactory.getConnection(ConnectionFactory.java:126)
	at com.salesforce.ide.core.factories.ConnectionFactory.getConnection(ConnectionFactory.java:149)
	at com.salesforce.ide.core.remote.registries.DescribeObjectRegistry.getCachedDescribeSObjects(DescribeObjectRegistry.java:500)
	at com.salesforce.ide.ui.editors.apex.assistance.ApexCodeScanner.generateKeywordRule(ApexCodeScanner.java:127)
	at com.salesforce.ide.ui.editors.apex.assistance.ApexCodeScanner.init(ApexCodeScanner.java:99)
	at com.salesforce.ide.ui.editors.apex.ApexSourceViewerConfiguration.init(ApexSourceViewerConfiguration.java:101)
	at com.salesforce.ide.ui.editors.apex.ApexCodeEditor.initializeEditor(ApexCodeEditor.java:315)
	at com.salesforce.ide.ui.editors.apex.ApexCodeEditor.<init>(ApexCodeEditor.java:83)
	at com.salesforce.ide.ui.editors.apex.AstEditor.<init>(AstEditor.java:12)
	at com.salesforce.ide.ui.editors.apex.ApexCodeMultiPageEditor.createSourcePage(ApexCodeMultiPageEditor.java:105)
	at com.salesforce.ide.ui.editors.apex.ApexCodeMultiPageEditor.preparePages(ApexCodeMultiPageEditor.java:72)
	at com.salesforce.ide.ui.editors.apex.ApexCodeMultiPageEditor.createPages(ApexCodeMultiPageEditor.java:64)
	at org.eclipse.ui.part.MultiPageEditorPart.createPartControl(MultiPageEditorPart.java:348)
	at org.eclipse.ui.internal.EditorReference.createPartHelper(EditorReference.java:670)
	at org.eclipse.ui.internal.EditorReference.createPart(EditorReference.java:465)
	at org.eclipse.ui.internal.WorkbenchPartReference.getPart(WorkbenchPartReference.java:595)
	at org.eclipse.ui.internal.EditorAreaHelper.setVisibleEditor(EditorAreaHelper.java:271)
	at org.eclipse.ui.internal.EditorManager.setVisibleEditor(EditorManager.java:1429)
	at org.eclipse.ui.internal.EditorManager$5.runWithException(EditorManager.java:942)
	at org.eclipse.ui.internal.StartupThreading$StartupRunnable.run(StartupThreading.java:31)
	at org.eclipse.swt.widgets.RunnableLock.run(RunnableLock.java:35)
	at org.eclipse.swt.widgets.Synchronizer.runAsyncMessages(Synchronizer.java:134)
	at org.eclipse.swt.widgets.Display.runAsyncMessages(Display.java:3593)
	at org.eclipse.swt.widgets.Display.readAndDispatch(Display.java:3286)
	at org.eclipse.ui.application.WorkbenchAdvisor.openWindows(WorkbenchAdvisor.java:803)
	at org.eclipse.ui.internal.Workbench$31.runWithException(Workbench.java:1567)
	at org.eclipse.ui.internal.StartupThreading$StartupRunnable.run(StartupThreading.java:31)
	at org.eclipse.swt.widgets.RunnableLock.run(RunnableLock.java:35)
	at org.eclipse.swt.widgets.Synchronizer.runAsyncMessages(Synchronizer.java:134)
	at org.eclipse.swt.widgets.Display.runAsyncMessages(Display.java:3593)
	at org.eclipse.swt.widgets.Display.readAndDispatch(Display.java:3286)
	at org.eclipse.ui.internal.Workbench.runUI(Workbench.java:2548)
	at org.eclipse.ui.internal.Workbench.access$4(Workbench.java:2438)
	at org.eclipse.ui.internal.Workbench$7.run(Workbench.java:671)
	at org.eclipse.core.databinding.observable.Realm.runWithDefault(Realm.java:332)
	at org.eclipse.ui.internal.Workbench.createAndRunWorkbench(Workbench.java:664)
	at org.eclipse.ui.PlatformUI.createAndRunWorkbench(PlatformUI.java:149)
	at org.eclipse.ui.internal.ide.application.IDEApplication.start(IDEApplication.java:115)
	at org.eclipse.equinox.internal.app.EclipseAppHandle.run(EclipseAppHandle.java:196)
	at org.eclipse.core.runtime.internal.adaptor.EclipseAppLauncher.runApplication(EclipseAppLauncher.java:110)
	at org.eclipse.core.runtime.internal.adaptor.EclipseAppLauncher.start(EclipseAppLauncher.java:79)
	at org.eclipse.core.runtime.adaptor.EclipseStarter.run(EclipseStarter.java:369)
	at org.eclipse.core.runtime.adaptor.EclipseStarter.run(EclipseStarter.java:179)
	at sun.reflect.NativeMethodAccessorImpl.invoke0(Native Method)
	at sun.reflect.NativeMethodAccessorImpl.invoke(NativeMethodAccessorImpl.java:39)
	at sun.reflect.DelegatingMethodAccessorImpl.invoke(DelegatingMethodAccessorImpl.java:25)
	at java.lang.reflect.Method.invoke(Method.java:597)
	at org.eclipse.equinox.launcher.Main.invokeFramework(Main.java:620)
	at org.eclipse.equinox.launcher.Main.basicRun(Main.java:575)
	at org.eclipse.equinox.launcher.Main.run(Main.java:1408)
 WARN [2011-08-18 20:33:29,924] (BaseRetryAspect.java:isLoginExceptionRetryable:94) - Login evaluation deemed exception not retry-able:
 ConnectException: Operation timed out
 WARN [2011-08-18 20:33:29,927] (BaseRetryAspect.java:isConnectionExceptionRetryable:130) - Connection evaluation deemed exception not retry-able:
 ConnectException: Operation timed out
ERROR [2011-08-18 20:33:29,928] (BaseMultiPageEditorPart.java:run:117) - Unable to get describe object for project 'DF11 Preso'
com.salesforce.ide.core.remote.ForceConnectionException: Unable to create connection to server 'www.salesforce.com':

ConnectException: Operation timed out
	at com.salesforce.ide.core.internal.utils.ForceExceptionUtils.handleConnectionException(ForceExceptionUtils.java:78)
	at com.salesforce.ide.core.remote.Connection.login(Connection.java:253)
	at com.salesforce.ide.core.remote.Connection$$FastClassByCGLIB$$8e61a81d.invoke(<generated>)
	at net.sf.cglib.proxy.MethodProxy.invoke(MethodProxy.java:149)
	at org.springframework.aop.framework.Cglib2AopProxy$CglibMethodInvocation.invokeJoinpoint(Cglib2AopProxy.java:700)
	at org.springframework.aop.framework.ReflectiveMethodInvocation.proceed(ReflectiveMethodInvocation.java:149)
	at org.springframework.aop.aspectj.MethodInvocationProceedingJoinPoint.proceed(MethodInvocationProceedingJoinPoint.java:77)
	at com.salesforce.ide.core.internal.aspects.LoginRetryAspect.loginRetry(LoginRetryAspect.java:24)
	at sun.reflect.NativeMethodAccessorImpl.invoke0(Native Method)
	at sun.reflect.NativeMethodAccessorImpl.invoke(NativeMethodAccessorImpl.java:39)
	at sun.reflect.DelegatingMethodAccessorImpl.invoke(DelegatingMethodAccessorImpl.java:25)
	at java.lang.reflect.Method.invoke(Method.java:597)
	at org.springframework.aop.aspectj.AbstractAspectJAdvice.invokeAdviceMethodWithGivenArgs(AbstractAspectJAdvice.java:627)
	at org.springframework.aop.aspectj.AbstractAspectJAdvice.invokeAdviceMethod(AbstractAspectJAdvice.java:616)
	at org.springframework.aop.aspectj.AspectJAroundAdvice.invoke(AspectJAroundAdvice.java:64)
	at org.springframework.aop.framework.ReflectiveMethodInvocation.proceed(ReflectiveMethodInvocation.java:171)
	at org.springframework.aop.framework.adapter.MethodBeforeAdviceInterceptor.invoke(MethodBeforeAdviceInterceptor.java:50)
	at org.springframework.aop.framework.ReflectiveMethodInvocation.proceed(ReflectiveMethodInvocation.java:171)
	at org.springframework.aop.interceptor.ExposeInvocationInterceptor.invoke(ExposeInvocationInterceptor.java:90)
	at org.springframework.aop.framework.ReflectiveMethodInvocation.proceed(ReflectiveMethodInvocation.java:171)
	at org.springframework.aop.framework.Cglib2AopProxy$DynamicAdvisedInterceptor.intercept(Cglib2AopProxy.java:635)
	at com.salesforce.ide.core.remote.Connection$$EnhancerByCGLIB$$f91433b1.login(<generated>)
	at com.salesforce.ide.core.factories.ConnectionFactory.getNewConnection(ConnectionFactory.java:73)
	at com.salesforce.ide.core.factories.ConnectionFactory.storeConnection(ConnectionFactory.java:159)
	at com.salesforce.ide.core.factories.ConnectionFactory.getConnection(ConnectionFactory.java:126)
	at com.salesforce.ide.core.factories.ConnectionFactory.getConnection(ConnectionFactory.java:149)
	at com.salesforce.ide.core.remote.registries.DescribeObjectRegistry.getCachedDescribeSObjects(DescribeObjectRegistry.java:500)
	at com.salesforce.ide.ui.internal.editor.BaseMultiPageEditorPart$1.run(BaseMultiPageEditorPart.java:105)
	at org.eclipse.core.internal.jobs.Worker.run(Worker.java:54)
Caused by: com.sforce.ws.ConnectionException: Failed to send request to https://www.salesforce.com/services/Soap/u/20.0
	at com.sforce.ws.transport.SoapConnection.send(SoapConnection.java:117)
	at com.sforce.soap.partner.wsc.PartnerConnection.login(PartnerConnection.java:1628)
	at com.salesforce.ide.core.remote.Connection.login(Connection.java:211)
	... 27 more
Caused by: java.net.ConnectException: Operation timed out
	at java.net.PlainSocketImpl.socketConnect(Native Method)
	at java.net.PlainSocketImpl.doConnect(PlainSocketImpl.java:351)
	at java.net.PlainSocketImpl.connectToAddress(PlainSocketImpl.java:213)
	at java.net.PlainSocketImpl.connect(PlainSocketImpl.java:200)
	at java.net.SocksSocketImpl.connect(SocksSocketImpl.java:432)
	at java.net.Socket.connect(Socket.java:529)
	at com.sun.net.ssl.internal.ssl.SSLSocketImpl.connect(SSLSocketImpl.java:559)
	at sun.net.NetworkClient.doConnect(NetworkClient.java:158)
	at sun.net.www.http.HttpClient.openServer(HttpClient.java:394)
	at sun.net.www.http.HttpClient.openServer(HttpClient.java:529)
	at sun.net.www.protocol.https.HttpsClient.<init>(HttpsClient.java:272)
	at sun.net.www.protocol.https.HttpsClient.New(HttpsClient.java:329)
	at sun.net.www.protocol.https.AbstractDelegateHttpsURLConnection.getNewHttpClient(AbstractDelegateHttpsURLConnection.java:172)
	at sun.net.www.protocol.http.HttpURLConnection.plainConnect(HttpURLConnection.java:949)
	at sun.net.www.protocol.https.AbstractDelegateHttpsURLConnection.connect(AbstractDelegateHttpsURLConnection.java:158)
	at sun.net.www.protocol.http.HttpURLConnection.getOutputStream(HttpURLConnection.java:1014)
	at sun.net.www.protocol.https.HttpsURLConnectionImpl.getOutputStream(HttpsURLConnectionImpl.java:230)
	at com.sforce.ws.transport.JdkHttpTransport.connectRaw(JdkHttpTransport.java:133)
	at com.sforce.ws.transport.JdkHttpTransport.connectLocal(JdkHttpTransport.java:97)
	at com.sforce.ws.transport.JdkHttpTransport.connectLocal(JdkHttpTransport.java:92)
	at com.sforce.ws.transport.JdkHttpTransport.connect(JdkHttpTransport.java:88)
	at com.sforce.ws.transport.SoapConnection.send(SoapConnection.java:94)
	... 29 more
 WARN [2011-08-18 20:55:36,755] (BaseRetryAspect.java:isLoginExceptionRetryable:94) - Login evaluation deemed exception not retry-able:
 ConnectException: Operation timed out
 WARN [2011-08-18 20:55:36,755] (BaseRetryAspect.java:isLoginExceptionRetryable:94) - Login evaluation deemed exception not retry-able:
 ConnectException: Operation timed out
 WARN [2011-08-18 20:55:36,799] (BaseRetryAspect.java:isConnectionExceptionRetryable:130) - Connection evaluation deemed exception not retry-able:
 ConnectException: Operation timed out
 WARN [2011-08-18 20:55:36,802] (BaseRetryAspect.java:isConnectionExceptionRetryable:130) - Connection evaluation deemed exception not retry-able:
 ConnectException: Operation timed out
ERROR [2011-08-18 20:55:36,824] (BaseMultiPageEditorPart.java:run:117) - Unable to get describe object for project 'DF11 Preso'
com.salesforce.ide.core.remote.ForceConnectionException: Unable to create connection to server 'www.salesforce.com':

ConnectException: Operation timed out
	at com.salesforce.ide.core.internal.utils.ForceExceptionUtils.handleConnectionException(ForceExceptionUtils.java:78)
	at com.salesforce.ide.core.remote.Connection.login(Connection.java:253)
	at com.salesforce.ide.core.remote.Connection$$FastClassByCGLIB$$8e61a81d.invoke(<generated>)
	at net.sf.cglib.proxy.MethodProxy.invoke(MethodProxy.java:149)
	at org.springframework.aop.framework.Cglib2AopProxy$CglibMethodInvocation.invokeJoinpoint(Cglib2AopProxy.java:700)
	at org.springframework.aop.framework.ReflectiveMethodInvocation.proceed(ReflectiveMethodInvocation.java:149)
	at org.springframework.aop.aspectj.MethodInvocationProceedingJoinPoint.proceed(MethodInvocationProceedingJoinPoint.java:77)
	at com.salesforce.ide.core.internal.aspects.LoginRetryAspect.loginRetry(LoginRetryAspect.java:24)
	at sun.reflect.NativeMethodAccessorImpl.invoke0(Native Method)
	at sun.reflect.NativeMethodAccessorImpl.invoke(NativeMethodAccessorImpl.java:39)
	at sun.reflect.DelegatingMethodAccessorImpl.invoke(DelegatingMethodAccessorImpl.java:25)
	at java.lang.reflect.Method.invoke(Method.java:597)
	at org.springframework.aop.aspectj.AbstractAspectJAdvice.invokeAdviceMethodWithGivenArgs(AbstractAspectJAdvice.java:627)
	at org.springframework.aop.aspectj.AbstractAspectJAdvice.invokeAdviceMethod(AbstractAspectJAdvice.java:616)
	at org.springframework.aop.aspectj.AspectJAroundAdvice.invoke(AspectJAroundAdvice.java:64)
	at org.springframework.aop.framework.ReflectiveMethodInvocation.proceed(ReflectiveMethodInvocation.java:171)
	at org.springframework.aop.framework.adapter.MethodBeforeAdviceInterceptor.invoke(MethodBeforeAdviceInterceptor.java:50)
	at org.springframework.aop.framework.ReflectiveMethodInvocation.proceed(ReflectiveMethodInvocation.java:171)
	at org.springframework.aop.interceptor.ExposeInvocationInterceptor.invoke(ExposeInvocationInterceptor.java:90)
	at org.springframework.aop.framework.ReflectiveMethodInvocation.proceed(ReflectiveMethodInvocation.java:171)
	at org.springframework.aop.framework.Cglib2AopProxy$DynamicAdvisedInterceptor.intercept(Cglib2AopProxy.java:635)
	at com.salesforce.ide.core.remote.Connection$$EnhancerByCGLIB$$f91433b1.login(<generated>)
	at com.salesforce.ide.core.factories.ConnectionFactory.getNewConnection(ConnectionFactory.java:73)
	at com.salesforce.ide.core.factories.ConnectionFactory.storeConnection(ConnectionFactory.java:159)
	at com.salesforce.ide.core.factories.ConnectionFactory.getConnection(ConnectionFactory.java:126)
	at com.salesforce.ide.core.factories.ConnectionFactory.getConnection(ConnectionFactory.java:149)
	at com.salesforce.ide.core.remote.registries.DescribeObjectRegistry.getCachedDescribeSObjects(DescribeObjectRegistry.java:500)
	at com.salesforce.ide.ui.internal.editor.BaseMultiPageEditorPart$1.run(BaseMultiPageEditorPart.java:105)
	at org.eclipse.core.internal.jobs.Worker.run(Worker.java:54)
Caused by: com.sforce.ws.ConnectionException: Failed to send request to https://www.salesforce.com/services/Soap/u/20.0
	at com.sforce.ws.transport.SoapConnection.send(SoapConnection.java:117)
	at com.sforce.soap.partner.wsc.PartnerConnection.login(PartnerConnection.java:1628)
	at com.salesforce.ide.core.remote.Connection.login(Connection.java:211)
	... 27 more
Caused by: java.net.ConnectException: Operation timed out
	at java.net.PlainSocketImpl.socketConnect(Native Method)
	at java.net.PlainSocketImpl.doConnect(PlainSocketImpl.java:351)
	at java.net.PlainSocketImpl.connectToAddress(PlainSocketImpl.java:213)
	at java.net.PlainSocketImpl.connect(PlainSocketImpl.java:200)
	at java.net.SocksSocketImpl.connect(SocksSocketImpl.java:432)
	at java.net.Socket.connect(Socket.java:529)
	at com.sun.net.ssl.internal.ssl.SSLSocketImpl.connect(SSLSocketImpl.java:559)
	at sun.net.NetworkClient.doConnect(NetworkClient.java:158)
	at sun.net.www.http.HttpClient.openServer(HttpClient.java:394)
	at sun.net.www.http.HttpClient.openServer(HttpClient.java:529)
	at sun.net.www.protocol.https.HttpsClient.<init>(HttpsClient.java:272)
	at sun.net.www.protocol.https.HttpsClient.New(HttpsClient.java:329)
	at sun.net.www.protocol.https.AbstractDelegateHttpsURLConnection.getNewHttpClient(AbstractDelegateHttpsURLConnection.java:172)
	at sun.net.www.protocol.http.HttpURLConnection.plainConnect(HttpURLConnection.java:949)
	at sun.net.www.protocol.https.AbstractDelegateHttpsURLConnection.connect(AbstractDelegateHttpsURLConnection.java:158)
	at sun.net.www.protocol.http.HttpURLConnection.getOutputStream(HttpURLConnection.java:1014)
	at sun.net.www.protocol.https.HttpsURLConnectionImpl.getOutputStream(HttpsURLConnectionImpl.java:230)
	at com.sforce.ws.transport.JdkHttpTransport.connectRaw(JdkHttpTransport.java:133)
	at com.sforce.ws.transport.JdkHttpTransport.connectLocal(JdkHttpTransport.java:97)
	at com.sforce.ws.transport.JdkHttpTransport.connectLocal(JdkHttpTransport.java:92)
	at com.sforce.ws.transport.JdkHttpTransport.connect(JdkHttpTransport.java:88)
	at com.sforce.ws.transport.SoapConnection.send(SoapConnection.java:94)
	... 29 more
 WARN [2011-08-18 20:55:36,832] (ApexCodeScanner.java:generateKeywordRule:139) - Unable to get describe object for type project 'DF11 Preso'
java.net.ConnectException: Operation timed out
	at java.net.PlainSocketImpl.socketConnect(Native Method)
	at java.net.PlainSocketImpl.doConnect(PlainSocketImpl.java:351)
	at java.net.PlainSocketImpl.connectToAddress(PlainSocketImpl.java:213)
	at java.net.PlainSocketImpl.connect(PlainSocketImpl.java:200)
	at java.net.SocksSocketImpl.connect(SocksSocketImpl.java:432)
	at java.net.Socket.connect(Socket.java:529)
	at com.sun.net.ssl.internal.ssl.SSLSocketImpl.connect(SSLSocketImpl.java:559)
	at sun.net.NetworkClient.doConnect(NetworkClient.java:158)
	at sun.net.www.http.HttpClient.openServer(HttpClient.java:394)
	at sun.net.www.http.HttpClient.openServer(HttpClient.java:529)
	at sun.net.www.protocol.https.HttpsClient.<init>(HttpsClient.java:272)
	at sun.net.www.protocol.https.HttpsClient.New(HttpsClient.java:329)
	at sun.net.www.protocol.https.AbstractDelegateHttpsURLConnection.getNewHttpClient(AbstractDelegateHttpsURLConnection.java:172)
	at sun.net.www.protocol.http.HttpURLConnection.plainConnect(HttpURLConnection.java:949)
	at sun.net.www.protocol.https.AbstractDelegateHttpsURLConnection.connect(AbstractDelegateHttpsURLConnection.java:158)
	at sun.net.www.protocol.http.HttpURLConnection.getOutputStream(HttpURLConnection.java:1014)
	at sun.net.www.protocol.https.HttpsURLConnectionImpl.getOutputStream(HttpsURLConnectionImpl.java:230)
	at com.sforce.ws.transport.JdkHttpTransport.connectRaw(JdkHttpTransport.java:133)
	at com.sforce.ws.transport.JdkHttpTransport.connectLocal(JdkHttpTransport.java:97)
	at com.sforce.ws.transport.JdkHttpTransport.connectLocal(JdkHttpTransport.java:92)
	at com.sforce.ws.transport.JdkHttpTransport.connect(JdkHttpTransport.java:88)
	at com.sforce.ws.transport.SoapConnection.send(SoapConnection.java:94)
	at com.sforce.soap.partner.wsc.PartnerConnection.login(PartnerConnection.java:1628)
	at com.salesforce.ide.core.remote.Connection.login(Connection.java:211)
	at com.salesforce.ide.core.remote.Connection$$FastClassByCGLIB$$8e61a81d.invoke(<generated>)
	at net.sf.cglib.proxy.MethodProxy.invoke(MethodProxy.java:149)
	at org.springframework.aop.framework.Cglib2AopProxy$CglibMethodInvocation.invokeJoinpoint(Cglib2AopProxy.java:700)
	at org.springframework.aop.framework.ReflectiveMethodInvocation.proceed(ReflectiveMethodInvocation.java:149)
	at org.springframework.aop.aspectj.MethodInvocationProceedingJoinPoint.proceed(MethodInvocationProceedingJoinPoint.java:77)
	at com.salesforce.ide.core.internal.aspects.LoginRetryAspect.loginRetry(LoginRetryAspect.java:24)
	at sun.reflect.NativeMethodAccessorImpl.invoke0(Native Method)
	at sun.reflect.NativeMethodAccessorImpl.invoke(NativeMethodAccessorImpl.java:39)
	at sun.reflect.DelegatingMethodAccessorImpl.invoke(DelegatingMethodAccessorImpl.java:25)
	at java.lang.reflect.Method.invoke(Method.java:597)
	at org.springframework.aop.aspectj.AbstractAspectJAdvice.invokeAdviceMethodWithGivenArgs(AbstractAspectJAdvice.java:627)
	at org.springframework.aop.aspectj.AbstractAspectJAdvice.invokeAdviceMethod(AbstractAspectJAdvice.java:616)
	at org.springframework.aop.aspectj.AspectJAroundAdvice.invoke(AspectJAroundAdvice.java:64)
	at org.springframework.aop.framework.ReflectiveMethodInvocation.proceed(ReflectiveMethodInvocation.java:171)
	at org.springframework.aop.framework.adapter.MethodBeforeAdviceInterceptor.invoke(MethodBeforeAdviceInterceptor.java:50)
	at org.springframework.aop.framework.ReflectiveMethodInvocation.proceed(ReflectiveMethodInvocation.java:171)
	at org.springframework.aop.interceptor.ExposeInvocationInterceptor.invoke(ExposeInvocationInterceptor.java:90)
	at org.springframework.aop.framework.ReflectiveMethodInvocation.proceed(ReflectiveMethodInvocation.java:171)
	at org.springframework.aop.framework.Cglib2AopProxy$DynamicAdvisedInterceptor.intercept(Cglib2AopProxy.java:635)
	at com.salesforce.ide.core.remote.Connection$$EnhancerByCGLIB$$f91433b1.login(<generated>)
	at com.salesforce.ide.core.factories.ConnectionFactory.getNewConnection(ConnectionFactory.java:73)
	at com.salesforce.ide.core.factories.ConnectionFactory.storeConnection(ConnectionFactory.java:159)
	at com.salesforce.ide.core.factories.ConnectionFactory.getConnection(ConnectionFactory.java:126)
	at com.salesforce.ide.core.factories.ConnectionFactory.getConnection(ConnectionFactory.java:149)
	at com.salesforce.ide.core.remote.registries.DescribeObjectRegistry.getCachedDescribeSObjects(DescribeObjectRegistry.java:500)
	at com.salesforce.ide.ui.editors.apex.assistance.ApexCodeScanner.generateKeywordRule(ApexCodeScanner.java:127)
	at com.salesforce.ide.ui.editors.apex.assistance.ApexCodeScanner.init(ApexCodeScanner.java:99)
	at com.salesforce.ide.ui.editors.apex.ApexSourceViewerConfiguration.init(ApexSourceViewerConfiguration.java:101)
	at com.salesforce.ide.ui.editors.apex.ApexCodeEditor.initializeEditor(ApexCodeEditor.java:315)
	at com.salesforce.ide.ui.editors.apex.ApexCodeEditor.<init>(ApexCodeEditor.java:83)
	at com.salesforce.ide.ui.editors.apex.AstEditor.<init>(AstEditor.java:12)
	at com.salesforce.ide.ui.editors.apex.ApexCodeMultiPageEditor.createSourcePage(ApexCodeMultiPageEditor.java:105)
	at com.salesforce.ide.ui.editors.apex.ApexCodeMultiPageEditor.preparePages(ApexCodeMultiPageEditor.java:72)
	at com.salesforce.ide.ui.editors.apex.ApexCodeMultiPageEditor.createPages(ApexCodeMultiPageEditor.java:64)
	at org.eclipse.ui.part.MultiPageEditorPart.createPartControl(MultiPageEditorPart.java:348)
	at org.eclipse.ui.internal.EditorReference.createPartHelper(EditorReference.java:670)
	at org.eclipse.ui.internal.EditorReference.createPart(EditorReference.java:465)
	at org.eclipse.ui.internal.WorkbenchPartReference.getPart(WorkbenchPartReference.java:595)
	at org.eclipse.ui.internal.EditorReference.getEditor(EditorReference.java:289)
	at org.eclipse.ui.internal.WorkbenchPage.busyOpenEditorBatched(WorkbenchPage.java:2863)
	at org.eclipse.ui.internal.WorkbenchPage.busyOpenEditor(WorkbenchPage.java:2768)
	at org.eclipse.ui.internal.WorkbenchPage.access$11(WorkbenchPage.java:2760)
	at org.eclipse.ui.internal.WorkbenchPage$10.run(WorkbenchPage.java:2711)
	at org.eclipse.swt.custom.BusyIndicator.showWhile(BusyIndicator.java:70)
	at org.eclipse.ui.internal.WorkbenchPage.openEditor(WorkbenchPage.java:2707)
	at org.eclipse.ui.internal.WorkbenchPage.openEditor(WorkbenchPage.java:2691)
	at org.eclipse.ui.internal.WorkbenchPage.openEditor(WorkbenchPage.java:2682)
	at org.eclipse.ui.ide.IDE.openEditor(IDE.java:651)
	at org.eclipse.ui.ide.IDE.openEditor(IDE.java:610)
	at org.eclipse.jdt.internal.ui.javaeditor.EditorUtility.openInEditor(EditorUtility.java:365)
	at org.eclipse.jdt.internal.ui.javaeditor.EditorUtility.openInEditor(EditorUtility.java:168)
	at org.eclipse.jdt.ui.actions.OpenAction.run(OpenAction.java:229)
	at org.eclipse.jdt.ui.actions.OpenAction.run(OpenAction.java:208)
	at org.eclipse.jdt.ui.actions.SelectionDispatchAction.dispatchRun(SelectionDispatchAction.java:274)
	at org.eclipse.jdt.ui.actions.SelectionDispatchAction.run(SelectionDispatchAction.java:250)
	at org.eclipse.jdt.internal.ui.packageview.PackageExplorerActionGroup.handleOpen(PackageExplorerActionGroup.java:373)
	at org.eclipse.jdt.internal.ui.packageview.PackageExplorerPart$4.open(PackageExplorerPart.java:526)
	at org.eclipse.ui.OpenAndLinkWithEditorHelper$InternalListener.open(OpenAndLinkWithEditorHelper.java:48)
	at org.eclipse.jface.viewers.StructuredViewer$2.run(StructuredViewer.java:845)
	at org.eclipse.core.runtime.SafeRunner.run(SafeRunner.java:42)
	at org.eclipse.ui.internal.JFaceUtil$1.run(JFaceUtil.java:49)
	at org.eclipse.jface.util.SafeRunnable.run(SafeRunnable.java:175)
	at org.eclipse.jface.viewers.StructuredViewer.fireOpen(StructuredViewer.java:843)
	at org.eclipse.jface.viewers.StructuredViewer.handleOpen(StructuredViewer.java:1131)
	at org.eclipse.jface.viewers.StructuredViewer$6.handleOpen(StructuredViewer.java:1235)
	at org.eclipse.jface.util.OpenStrategy.fireOpenEvent(OpenStrategy.java:264)
	at org.eclipse.jface.util.OpenStrategy.access$2(OpenStrategy.java:258)
	at org.eclipse.jface.util.OpenStrategy$1.handleEvent(OpenStrategy.java:298)
	at org.eclipse.swt.widgets.EventTable.sendEvent(EventTable.java:84)
	at org.eclipse.swt.widgets.Display.sendEvent(Display.java:3783)
	at org.eclipse.swt.widgets.Widget.sendEvent(Widget.java:1375)
	at org.eclipse.swt.widgets.Widget.sendEvent(Widget.java:1398)
	at org.eclipse.swt.widgets.Widget.sendEvent(Widget.java:1383)
	at org.eclipse.swt.widgets.Widget.notifyListeners(Widget.java:1195)
	at org.eclipse.swt.widgets.Display.runDeferredEvents(Display.java:3629)
	at org.eclipse.swt.widgets.Display.readAndDispatch(Display.java:3284)
	at org.eclipse.ui.internal.Workbench.runEventLoop(Workbench.java:2640)
	at org.eclipse.ui.internal.Workbench.runUI(Workbench.java:2604)
	at org.eclipse.ui.internal.Workbench.access$4(Workbench.java:2438)
	at org.eclipse.ui.internal.Workbench$7.run(Workbench.java:671)
	at org.eclipse.core.databinding.observable.Realm.runWithDefault(Realm.java:332)
	at org.eclipse.ui.internal.Workbench.createAndRunWorkbench(Workbench.java:664)
	at org.eclipse.ui.PlatformUI.createAndRunWorkbench(PlatformUI.java:149)
	at org.eclipse.ui.internal.ide.application.IDEApplication.start(IDEApplication.java:115)
	at org.eclipse.equinox.internal.app.EclipseAppHandle.run(EclipseAppHandle.java:196)
	at org.eclipse.core.runtime.internal.adaptor.EclipseAppLauncher.runApplication(EclipseAppLauncher.java:110)
	at org.eclipse.core.runtime.internal.adaptor.EclipseAppLauncher.start(EclipseAppLauncher.java:79)
	at org.eclipse.core.runtime.adaptor.EclipseStarter.run(EclipseStarter.java:369)
	at org.eclipse.core.runtime.adaptor.EclipseStarter.run(EclipseStarter.java:179)
	at sun.reflect.NativeMethodAccessorImpl.invoke0(Native Method)
	at sun.reflect.NativeMethodAccessorImpl.invoke(NativeMethodAccessorImpl.java:39)
	at sun.reflect.DelegatingMethodAccessorImpl.invoke(DelegatingMethodAccessorImpl.java:25)
	at java.lang.reflect.Method.invoke(Method.java:597)
	at org.eclipse.equinox.launcher.Main.invokeFramework(Main.java:620)
	at org.eclipse.equinox.launcher.Main.basicRun(Main.java:575)
	at org.eclipse.equinox.launcher.Main.run(Main.java:1408)
 WARN [2011-08-18 20:57:17,840] (BaseRetryAspect.java:isLoginExceptionRetryable:94) - Login evaluation deemed exception not retry-able:
 ConnectException: Operation timed out
 WARN [2011-08-18 20:57:17,841] (BaseRetryAspect.java:isLoginExceptionRetryable:94) - Login evaluation deemed exception not retry-able:
 ConnectException: Operation timed out
 WARN [2011-08-18 20:57:17,842] (BaseRetryAspect.java:isConnectionExceptionRetryable:130) - Connection evaluation deemed exception not retry-able:
 ConnectException: Operation timed out
 WARN [2011-08-18 20:57:17,844] (BaseRetryAspect.java:isConnectionExceptionRetryable:130) - Connection evaluation deemed exception not retry-able:
 ConnectException: Operation timed out
ERROR [2011-08-18 20:57:17,845] (BaseMultiPageEditorPart.java:run:117) - Unable to get describe object for project 'DF11 Preso'
com.salesforce.ide.core.remote.ForceConnectionException: Unable to create connection to server 'www.salesforce.com':

ConnectException: Operation timed out
	at com.salesforce.ide.core.internal.utils.ForceExceptionUtils.handleConnectionException(ForceExceptionUtils.java:78)
	at com.salesforce.ide.core.remote.Connection.login(Connection.java:253)
	at com.salesforce.ide.core.remote.Connection$$FastClassByCGLIB$$8e61a81d.invoke(<generated>)
	at net.sf.cglib.proxy.MethodProxy.invoke(MethodProxy.java:149)
	at org.springframework.aop.framework.Cglib2AopProxy$CglibMethodInvocation.invokeJoinpoint(Cglib2AopProxy.java:700)
	at org.springframework.aop.framework.ReflectiveMethodInvocation.proceed(ReflectiveMethodInvocation.java:149)
	at org.springframework.aop.aspectj.MethodInvocationProceedingJoinPoint.proceed(MethodInvocationProceedingJoinPoint.java:77)
	at com.salesforce.ide.core.internal.aspects.LoginRetryAspect.loginRetry(LoginRetryAspect.java:24)
	at sun.reflect.NativeMethodAccessorImpl.invoke0(Native Method)
	at sun.reflect.NativeMethodAccessorImpl.invoke(NativeMethodAccessorImpl.java:39)
	at sun.reflect.DelegatingMethodAccessorImpl.invoke(DelegatingMethodAccessorImpl.java:25)
	at java.lang.reflect.Method.invoke(Method.java:597)
	at org.springframework.aop.aspectj.AbstractAspectJAdvice.invokeAdviceMethodWithGivenArgs(AbstractAspectJAdvice.java:627)
	at org.springframework.aop.aspectj.AbstractAspectJAdvice.invokeAdviceMethod(AbstractAspectJAdvice.java:616)
	at org.springframework.aop.aspectj.AspectJAroundAdvice.invoke(AspectJAroundAdvice.java:64)
	at org.springframework.aop.framework.ReflectiveMethodInvocation.proceed(ReflectiveMethodInvocation.java:171)
	at org.springframework.aop.framework.adapter.MethodBeforeAdviceInterceptor.invoke(MethodBeforeAdviceInterceptor.java:50)
	at org.springframework.aop.framework.ReflectiveMethodInvocation.proceed(ReflectiveMethodInvocation.java:171)
	at org.springframework.aop.interceptor.ExposeInvocationInterceptor.invoke(ExposeInvocationInterceptor.java:90)
	at org.springframework.aop.framework.ReflectiveMethodInvocation.proceed(ReflectiveMethodInvocation.java:171)
	at org.springframework.aop.framework.Cglib2AopProxy$DynamicAdvisedInterceptor.intercept(Cglib2AopProxy.java:635)
	at com.salesforce.ide.core.remote.Connection$$EnhancerByCGLIB$$f91433b1.login(<generated>)
	at com.salesforce.ide.core.factories.ConnectionFactory.getNewConnection(ConnectionFactory.java:73)
	at com.salesforce.ide.core.factories.ConnectionFactory.storeConnection(ConnectionFactory.java:159)
	at com.salesforce.ide.core.factories.ConnectionFactory.getConnection(ConnectionFactory.java:126)
	at com.salesforce.ide.core.factories.ConnectionFactory.getConnection(ConnectionFactory.java:149)
	at com.salesforce.ide.core.remote.registries.DescribeObjectRegistry.getCachedDescribeSObjects(DescribeObjectRegistry.java:500)
	at com.salesforce.ide.ui.internal.editor.BaseMultiPageEditorPart$1.run(BaseMultiPageEditorPart.java:105)
	at org.eclipse.core.internal.jobs.Worker.run(Worker.java:54)
Caused by: com.sforce.ws.ConnectionException: Failed to send request to https://www.salesforce.com/services/Soap/u/20.0
	at com.sforce.ws.transport.SoapConnection.send(SoapConnection.java:117)
	at com.sforce.soap.partner.wsc.PartnerConnection.login(PartnerConnection.java:1628)
	at com.salesforce.ide.core.remote.Connection.login(Connection.java:211)
	... 27 more
Caused by: java.net.ConnectException: Operation timed out
	at java.net.PlainSocketImpl.socketConnect(Native Method)
	at java.net.PlainSocketImpl.doConnect(PlainSocketImpl.java:351)
	at java.net.PlainSocketImpl.connectToAddress(PlainSocketImpl.java:213)
	at java.net.PlainSocketImpl.connect(PlainSocketImpl.java:200)
	at java.net.SocksSocketImpl.connect(SocksSocketImpl.java:432)
	at java.net.Socket.connect(Socket.java:529)
	at com.sun.net.ssl.internal.ssl.SSLSocketImpl.connect(SSLSocketImpl.java:559)
	at sun.net.NetworkClient.doConnect(NetworkClient.java:158)
	at sun.net.www.http.HttpClient.openServer(HttpClient.java:394)
	at sun.net.www.http.HttpClient.openServer(HttpClient.java:529)
	at sun.net.www.protocol.https.HttpsClient.<init>(HttpsClient.java:272)
	at sun.net.www.protocol.https.HttpsClient.New(HttpsClient.java:329)
	at sun.net.www.protocol.https.AbstractDelegateHttpsURLConnection.getNewHttpClient(AbstractDelegateHttpsURLConnection.java:172)
	at sun.net.www.protocol.http.HttpURLConnection.plainConnect(HttpURLConnection.java:949)
	at sun.net.www.protocol.https.AbstractDelegateHttpsURLConnection.connect(AbstractDelegateHttpsURLConnection.java:158)
	at sun.net.www.protocol.http.HttpURLConnection.getOutputStream(HttpURLConnection.java:1014)
	at sun.net.www.protocol.https.HttpsURLConnectionImpl.getOutputStream(HttpsURLConnectionImpl.java:230)
	at com.sforce.ws.transport.JdkHttpTransport.connectRaw(JdkHttpTransport.java:133)
	at com.sforce.ws.transport.JdkHttpTransport.connectLocal(JdkHttpTransport.java:97)
	at com.sforce.ws.transport.JdkHttpTransport.connectLocal(JdkHttpTransport.java:92)
	at com.sforce.ws.transport.JdkHttpTransport.connect(JdkHttpTransport.java:88)
	at com.sforce.ws.transport.SoapConnection.send(SoapConnection.java:94)
	... 29 more
 WARN [2011-08-18 20:57:17,847] (ApexCodeScanner.java:generateKeywordRule:139) - Unable to get describe object for type project 'DF11 Preso'
java.net.ConnectException: Operation timed out
	at java.net.PlainSocketImpl.socketConnect(Native Method)
	at java.net.PlainSocketImpl.doConnect(PlainSocketImpl.java:351)
	at java.net.PlainSocketImpl.connectToAddress(PlainSocketImpl.java:213)
	at java.net.PlainSocketImpl.connect(PlainSocketImpl.java:200)
	at java.net.SocksSocketImpl.connect(SocksSocketImpl.java:432)
	at java.net.Socket.connect(Socket.java:529)
	at com.sun.net.ssl.internal.ssl.SSLSocketImpl.connect(SSLSocketImpl.java:559)
	at sun.net.NetworkClient.doConnect(NetworkClient.java:158)
	at sun.net.www.http.HttpClient.openServer(HttpClient.java:394)
	at sun.net.www.http.HttpClient.openServer(HttpClient.java:529)
	at sun.net.www.protocol.https.HttpsClient.<init>(HttpsClient.java:272)
	at sun.net.www.protocol.https.HttpsClient.New(HttpsClient.java:329)
	at sun.net.www.protocol.https.AbstractDelegateHttpsURLConnection.getNewHttpClient(AbstractDelegateHttpsURLConnection.java:172)
	at sun.net.www.protocol.http.HttpURLConnection.plainConnect(HttpURLConnection.java:949)
	at sun.net.www.protocol.https.AbstractDelegateHttpsURLConnection.connect(AbstractDelegateHttpsURLConnection.java:158)
	at sun.net.www.protocol.http.HttpURLConnection.getOutputStream(HttpURLConnection.java:1014)
	at sun.net.www.protocol.https.HttpsURLConnectionImpl.getOutputStream(HttpsURLConnectionImpl.java:230)
	at com.sforce.ws.transport.JdkHttpTransport.connectRaw(JdkHttpTransport.java:133)
	at com.sforce.ws.transport.JdkHttpTransport.connectLocal(JdkHttpTransport.java:97)
	at com.sforce.ws.transport.JdkHttpTransport.connectLocal(JdkHttpTransport.java:92)
	at com.sforce.ws.transport.JdkHttpTransport.connect(JdkHttpTransport.java:88)
	at com.sforce.ws.transport.SoapConnection.send(SoapConnection.java:94)
	at com.sforce.soap.partner.wsc.PartnerConnection.login(PartnerConnection.java:1628)
	at com.salesforce.ide.core.remote.Connection.login(Connection.java:211)
	at com.salesforce.ide.core.remote.Connection$$FastClassByCGLIB$$8e61a81d.invoke(<generated>)
	at net.sf.cglib.proxy.MethodProxy.invoke(MethodProxy.java:149)
	at org.springframework.aop.framework.Cglib2AopProxy$CglibMethodInvocation.invokeJoinpoint(Cglib2AopProxy.java:700)
	at org.springframework.aop.framework.ReflectiveMethodInvocation.proceed(ReflectiveMethodInvocation.java:149)
	at org.springframework.aop.aspectj.MethodInvocationProceedingJoinPoint.proceed(MethodInvocationProceedingJoinPoint.java:77)
	at com.salesforce.ide.core.internal.aspects.LoginRetryAspect.loginRetry(LoginRetryAspect.java:24)
	at sun.reflect.NativeMethodAccessorImpl.invoke0(Native Method)
	at sun.reflect.NativeMethodAccessorImpl.invoke(NativeMethodAccessorImpl.java:39)
	at sun.reflect.DelegatingMethodAccessorImpl.invoke(DelegatingMethodAccessorImpl.java:25)
	at java.lang.reflect.Method.invoke(Method.java:597)
	at org.springframework.aop.aspectj.AbstractAspectJAdvice.invokeAdviceMethodWithGivenArgs(AbstractAspectJAdvice.java:627)
	at org.springframework.aop.aspectj.AbstractAspectJAdvice.invokeAdviceMethod(AbstractAspectJAdvice.java:616)
	at org.springframework.aop.aspectj.AspectJAroundAdvice.invoke(AspectJAroundAdvice.java:64)
	at org.springframework.aop.framework.ReflectiveMethodInvocation.proceed(ReflectiveMethodInvocation.java:171)
	at org.springframework.aop.framework.adapter.MethodBeforeAdviceInterceptor.invoke(MethodBeforeAdviceInterceptor.java:50)
	at org.springframework.aop.framework.ReflectiveMethodInvocation.proceed(ReflectiveMethodInvocation.java:171)
	at org.springframework.aop.interceptor.ExposeInvocationInterceptor.invoke(ExposeInvocationInterceptor.java:90)
	at org.springframework.aop.framework.ReflectiveMethodInvocation.proceed(ReflectiveMethodInvocation.java:171)
	at org.springframework.aop.framework.Cglib2AopProxy$DynamicAdvisedInterceptor.intercept(Cglib2AopProxy.java:635)
	at com.salesforce.ide.core.remote.Connection$$EnhancerByCGLIB$$f91433b1.login(<generated>)
	at com.salesforce.ide.core.factories.ConnectionFactory.getNewConnection(ConnectionFactory.java:73)
	at com.salesforce.ide.core.factories.ConnectionFactory.storeConnection(ConnectionFactory.java:159)
	at com.salesforce.ide.core.factories.ConnectionFactory.getConnection(ConnectionFactory.java:126)
	at com.salesforce.ide.core.factories.ConnectionFactory.getConnection(ConnectionFactory.java:149)
	at com.salesforce.ide.core.remote.registries.DescribeObjectRegistry.getCachedDescribeSObjects(DescribeObjectRegistry.java:500)
	at com.salesforce.ide.ui.editors.apex.assistance.ApexCodeScanner.generateKeywordRule(ApexCodeScanner.java:127)
	at com.salesforce.ide.ui.editors.apex.assistance.ApexCodeScanner.init(ApexCodeScanner.java:99)
	at com.salesforce.ide.ui.editors.apex.ApexSourceViewerConfiguration.init(ApexSourceViewerConfiguration.java:101)
	at com.salesforce.ide.ui.editors.apex.ApexCodeEditor.initializeEditor(ApexCodeEditor.java:315)
	at com.salesforce.ide.ui.editors.apex.ApexCodeEditor.<init>(ApexCodeEditor.java:83)
	at com.salesforce.ide.ui.editors.apex.AstEditor.<init>(AstEditor.java:12)
	at com.salesforce.ide.ui.editors.apex.ApexCodeMultiPageEditor.createSourcePage(ApexCodeMultiPageEditor.java:105)
	at com.salesforce.ide.ui.editors.apex.ApexCodeMultiPageEditor.preparePages(ApexCodeMultiPageEditor.java:72)
	at com.salesforce.ide.ui.editors.apex.ApexCodeMultiPageEditor.createPages(ApexCodeMultiPageEditor.java:64)
	at org.eclipse.ui.part.MultiPageEditorPart.createPartControl(MultiPageEditorPart.java:348)
	at org.eclipse.ui.internal.EditorReference.createPartHelper(EditorReference.java:670)
	at org.eclipse.ui.internal.EditorReference.createPart(EditorReference.java:465)
	at org.eclipse.ui.internal.WorkbenchPartReference.getPart(WorkbenchPartReference.java:595)
	at org.eclipse.ui.internal.EditorReference.getEditor(EditorReference.java:289)
	at org.eclipse.ui.internal.WorkbenchPage.busyOpenEditorBatched(WorkbenchPage.java:2863)
	at org.eclipse.ui.internal.WorkbenchPage.busyOpenEditor(WorkbenchPage.java:2768)
	at org.eclipse.ui.internal.WorkbenchPage.access$11(WorkbenchPage.java:2760)
	at org.eclipse.ui.internal.WorkbenchPage$10.run(WorkbenchPage.java:2711)
	at org.eclipse.swt.custom.BusyIndicator.showWhile(BusyIndicator.java:70)
	at org.eclipse.ui.internal.WorkbenchPage.openEditor(WorkbenchPage.java:2707)
	at org.eclipse.ui.internal.WorkbenchPage.openEditor(WorkbenchPage.java:2691)
	at org.eclipse.ui.internal.WorkbenchPage.openEditor(WorkbenchPage.java:2682)
	at org.eclipse.ui.ide.IDE.openEditor(IDE.java:651)
	at org.eclipse.ui.ide.IDE.openEditor(IDE.java:610)
	at org.eclipse.jdt.internal.ui.javaeditor.EditorUtility.openInEditor(EditorUtility.java:365)
	at org.eclipse.jdt.internal.ui.javaeditor.EditorUtility.openInEditor(EditorUtility.java:168)
	at org.eclipse.jdt.ui.actions.OpenAction.run(OpenAction.java:229)
	at org.eclipse.jdt.ui.actions.OpenAction.run(OpenAction.java:208)
	at org.eclipse.jdt.ui.actions.SelectionDispatchAction.dispatchRun(SelectionDispatchAction.java:274)
	at org.eclipse.jdt.ui.actions.SelectionDispatchAction.run(SelectionDispatchAction.java:250)
	at org.eclipse.jdt.internal.ui.packageview.PackageExplorerActionGroup.handleOpen(PackageExplorerActionGroup.java:373)
	at org.eclipse.jdt.internal.ui.packageview.PackageExplorerPart$4.open(PackageExplorerPart.java:526)
	at org.eclipse.ui.OpenAndLinkWithEditorHelper$InternalListener.open(OpenAndLinkWithEditorHelper.java:48)
	at org.eclipse.jface.viewers.StructuredViewer$2.run(StructuredViewer.java:845)
	at org.eclipse.core.runtime.SafeRunner.run(SafeRunner.java:42)
	at org.eclipse.ui.internal.JFaceUtil$1.run(JFaceUtil.java:49)
	at org.eclipse.jface.util.SafeRunnable.run(SafeRunnable.java:175)
	at org.eclipse.jface.viewers.StructuredViewer.fireOpen(StructuredViewer.java:843)
	at org.eclipse.jface.viewers.StructuredViewer.handleOpen(StructuredViewer.java:1131)
	at org.eclipse.jface.viewers.StructuredViewer$6.handleOpen(StructuredViewer.java:1235)
	at org.eclipse.jface.util.OpenStrategy.fireOpenEvent(OpenStrategy.java:264)
	at org.eclipse.jface.util.OpenStrategy.access$2(OpenStrategy.java:258)
	at org.eclipse.jface.util.OpenStrategy$1.handleEvent(OpenStrategy.java:298)
	at org.eclipse.swt.widgets.EventTable.sendEvent(EventTable.java:84)
	at org.eclipse.swt.widgets.Display.sendEvent(Display.java:3783)
	at org.eclipse.swt.widgets.Widget.sendEvent(Widget.java:1375)
	at org.eclipse.swt.widgets.Widget.sendEvent(Widget.java:1398)
	at org.eclipse.swt.widgets.Widget.sendEvent(Widget.java:1383)
	at org.eclipse.swt.widgets.Widget.notifyListeners(Widget.java:1195)
	at org.eclipse.swt.widgets.Display.runDeferredEvents(Display.java:3629)
	at org.eclipse.swt.widgets.Display.readAndDispatch(Display.java:3284)
	at org.eclipse.ui.internal.Workbench.runEventLoop(Workbench.java:2640)
	at org.eclipse.ui.internal.Workbench.runUI(Workbench.java:2604)
	at org.eclipse.ui.internal.Workbench.access$4(Workbench.java:2438)
	at org.eclipse.ui.internal.Workbench$7.run(Workbench.java:671)
	at org.eclipse.core.databinding.observable.Realm.runWithDefault(Realm.java:332)
	at org.eclipse.ui.internal.Workbench.createAndRunWorkbench(Workbench.java:664)
	at org.eclipse.ui.PlatformUI.createAndRunWorkbench(PlatformUI.java:149)
	at org.eclipse.ui.internal.ide.application.IDEApplication.start(IDEApplication.java:115)
	at org.eclipse.equinox.internal.app.EclipseAppHandle.run(EclipseAppHandle.java:196)
	at org.eclipse.core.runtime.internal.adaptor.EclipseAppLauncher.runApplication(EclipseAppLauncher.java:110)
	at org.eclipse.core.runtime.internal.adaptor.EclipseAppLauncher.start(EclipseAppLauncher.java:79)
	at org.eclipse.core.runtime.adaptor.EclipseStarter.run(EclipseStarter.java:369)
	at org.eclipse.core.runtime.adaptor.EclipseStarter.run(EclipseStarter.java:179)
	at sun.reflect.NativeMethodAccessorImpl.invoke0(Native Method)
	at sun.reflect.NativeMethodAccessorImpl.invoke(NativeMethodAccessorImpl.java:39)
	at sun.reflect.DelegatingMethodAccessorImpl.invoke(DelegatingMethodAccessorImpl.java:25)
	at java.lang.reflect.Method.invoke(Method.java:597)
	at org.eclipse.equinox.launcher.Main.invokeFramework(Main.java:620)
	at org.eclipse.equinox.launcher.Main.basicRun(Main.java:575)
	at org.eclipse.equinox.launcher.Main.run(Main.java:1408)
 WARN [2011-08-18 20:57:35,365] (ConnectionFactory.java:clearCache:209) - No cached connections
 WARN [2011-08-18 20:57:35,366] (DescribeObjectRegistry.java:clearCache:654) - No cached describes
 WARN [2011-08-18 20:57:35,367] (MetadataFactory.java:clearCache:131) - No cached metadata stubs
